
🚀 Crypto Trading Monitor Started
Mode: DRY RUN
Check Interval: 15 minutes
Trading Budget: €50.00
Minimum Balance: €5.00

Press Ctrl+C to stop


======================================================================
🔍 Monitoring Cycle - 2025-12-30 10:05:30
======================================================================

💶 Actual EUR Balance: €0.00
💰 Trading Budget Tracker: €50.00

📊 Monitoring 15 assets...

  PEPE: 6443.69747899
    Pair: PEPE-USD
    Price: 0.00000410 USD
    Value: €0.02

  VET: 293.38418660
    Pair: VET-USD
    Price: 0.01095000 USD
    Value: €2.96

  VARA: 190.42074247
    Pair: VARA-USD
    Price: 0.00091000 USD
    Value: €0.16

  NEAR: 1.78926498
    Pair: NEAR-USD
    Price: 1.54300000 USD
    Value: €2.54

  ALEPH: 11.47300666
    Pair: ALEPH-USD
    Price: 0.02930000 USD
    Value: €0.31

  HOPR: 33.77110932
    Pair: HOPR-USD
    Price: 0.02570000 USD
    Value: €0.80

  FET: 5.55418530
    Pair: FET-USD
    Price: 0.20870000 USD
    Value: €1.07

  CTSI: 3.89510530
    Pair: CTSI-USD
    Price: 0.03210000 USD
    Value: €0.12

  CHZ: 9.19024272
    Pair: CHZ-EUR
    Price: 0.03230000 EUR
    Value: €0.30

  ANKR: 26.61226607
    Pair: ANKR-EUR
    Price: 0.00545000 EUR
    Value: €0.15

  AMP: 49.68807419
    Pair: AMP-USD
    Price: 0.00170000 USD
    Value: €0.08

  SKL: 5.57001278
    Pair: SKL-USD
    Price: 0.00990000 USD
    Value: €0.05

  NU: 10.70167470
    ⚠️  Price not available (no trading pairs found)

  GRT: 10.79573903
    Pair: GRT-EUR
    Price: 0.03010000 EUR
    Value: €0.32

  OXT: 37.59795573
    Pair: OXT-USD
    Price: 0.02370000 USD
    Value: €0.82

💰 Updated Trading Budget: €50.00
======================================================================

😴 Sleeping for 15 minutes...

======================================================================
🔍 Monitoring Cycle - 2025-12-30 10:20:44
======================================================================

💶 Actual EUR Balance: €0.00
💰 Trading Budget Tracker: €50.00

📊 Monitoring 15 assets...

  PEPE: 6443.69747899
    Pair: PEPE-USD
    Price: 0.00000410 USD
    Value: €0.02

  VET: 293.38418660
    Pair: VET-USD
    Price: 0.01095000 USD
    Value: €2.96

  VARA: 190.42074247
    Pair: VARA-USD
    Price: 0.00091000 USD
    Value: €0.16

  NEAR: 1.78926498
    Pair: NEAR-USD
    Price: 1.53900000 USD
    Value: €2.53

  ALEPH: 11.47300666
    Pair: ALEPH-USD
    Price: 0.02930000 USD
    Value: €0.31

  HOPR: 33.77110932
    Pair: HOPR-USD
    Price: 0.02570000 USD
    Value: €0.80

  FET: 5.55418530
    Pair: FET-USD
    Price: 0.20860000 USD
    Value: €1.07

  CTSI: 3.89510530
    Pair: CTSI-USD
    Price: 0.03220000 USD
    Value: €0.12

  CHZ: 9.19024272
    Pair: CHZ-EUR
    Price: 0.03210000 EUR
    Value: €0.30

  ANKR: 26.61226607
    Pair: ANKR-EUR
    Price: 0.00544000 EUR
    Value: €0.14

  AMP: 49.68807419
    Pair: AMP-USD
    Price: 0.00170000 USD
    Value: €0.08

  SKL: 5.57001278
    Pair: SKL-USD
    Price: 0.00990000 USD
    Value: €0.05

  NU: 10.70167470
    ⚠️  Price not available (no trading pairs found)

  GRT: 10.79573903
    Pair: GRT-EUR
    Price: 0.03000000 EUR
    Value: €0.32

  OXT: 37.59795573
    Pair: OXT-USD
    Price: 0.02370000 USD
    Value: €0.82

💰 Updated Trading Budget: €50.00
======================================================================

😴 Sleeping for 15 minutes...

======================================================================
🔍 Monitoring Cycle - 2025-12-30 10:35:56
======================================================================

💶 Actual EUR Balance: €0.00
💰 Trading Budget Tracker: €50.00

📊 Monitoring 15 assets...

  PEPE: 6443.69747899
    Pair: PEPE-USD
    Price: 0.00000410 USD
    Value: €0.02

  VET: 293.38418660
    Pair: VET-USD
    Price: 0.01097000 USD
    Value: €2.96

  VARA: 190.42074247
    Pair: VARA-USD
    Price: 0.00091000 USD
    Value: €0.16

  NEAR: 1.78926498
    Pair: NEAR-USD
    Price: 1.54000000 USD
    Value: €2.54

  ALEPH: 11.47300666
    Pair: ALEPH-USD
    Price: 0.02970000 USD
    Value: €0.31

  HOPR: 33.77110932
    Pair: HOPR-USD
    Price: 0.02570000 USD
    Value: €0.80

  FET: 5.55418530
    Pair: FET-USD
    Price: 0.20880000 USD
    Value: €1.07

  CTSI: 3.89510530
    Pair: CTSI-USD
    Price: 0.03220000 USD
    Value: €0.12

  CHZ: 9.19024272
    Pair: CHZ-EUR
    Price: 0.03210000 EUR
    Value: €0.30

  ANKR: 26.61226607
    Pair: ANKR-EUR
    Price: 0.00544000 EUR
    Value: €0.14

  AMP: 49.68807419
    Pair: AMP-USD
    Price: 0.00170000 USD
    Value: €0.08

  SKL: 5.57001278
    Pair: SKL-USD
    Price: 0.00990000 USD
    Value: €0.05

  NU: 10.70167470
    ⚠️  Price not available (no trading pairs found)

  GRT: 10.79573903
    Pair: GRT-EUR
    Price: 0.03000000 EUR
    Value: €0.32

  OXT: 37.59795573
    Pair: OXT-USD
    Price: 0.02370000 USD
    Value: €0.82

💰 Updated Trading Budget: €50.00
======================================================================

😴 Sleeping for 15 minutes...

======================================================================
🔍 Monitoring Cycle - 2025-12-30 10:51:09
======================================================================

💶 Actual EUR Balance: €0.00
💰 Trading Budget Tracker: €50.00

📊 Monitoring 15 assets...

  PEPE: 6443.69747899
    Pair: PEPE-USD
    Price: 0.00000413 USD
    Value: €0.02

  VET: 293.38418660
    Pair: VET-USD
    Price: 0.01101000 USD
    Value: €2.97

  VARA: 190.42074247
    Pair: VARA-USD
    Price: 0.00091000 USD
    Value: €0.16

  NEAR: 1.78926498
    Pair: NEAR-USD
    Price: 1.54900000 USD
    Value: €2.55

  ALEPH: 11.47300666
    Pair: ALEPH-USD
    Price: 0.03000000 USD
    Value: €0.32

  HOPR: 33.77110932
    Pair: HOPR-USD
    Price: 0.02580000 USD
    Value: €0.80

  FET: 5.55418530
    Pair: FET-USD
    Price: 0.20990000 USD
    Value: €1.07

  CTSI: 3.89510530
    Pair: CTSI-USD
    Price: 0.03240000 USD
    Value: €0.12

  CHZ: 9.19024272
    Pair: CHZ-EUR
    Price: 0.03210000 EUR
    Value: €0.30

  ANKR: 26.61226607
    Pair: ANKR-EUR
    Price: 0.00546000 EUR
    Value: €0.15

  AMP: 49.68807419
    Pair: AMP-USD
    Price: 0.00170000 USD
    Value: €0.08

  SKL: 5.57001278
    Pair: SKL-USD
    Price: 0.00990000 USD
    Value: €0.05

  NU: 10.70167470
    ⚠️  Price not available (no trading pairs found)

  GRT: 10.79573903
    Pair: GRT-EUR
    Price: 0.03010000 EUR
    Value: €0.32

  OXT: 37.59795573
    Pair: OXT-USD
    Price: 0.02390000 USD
    Value: €0.83

💰 Updated Trading Budget: €50.00
======================================================================

😴 Sleeping for 15 minutes...

======================================================================
🔍 Monitoring Cycle - 2025-12-30 11:06:22
======================================================================

💶 Actual EUR Balance: €0.00
💰 Trading Budget Tracker: €50.00

📊 Monitoring 15 assets...

  PEPE: 6443.69747899
    Pair: PEPE-USD
    Price: 0.00000412 USD
    Value: €0.02

  VET: 293.38418660
    Pair: VET-USD
    Price: 0.01099000 USD
    Value: €2.97

  VARA: 190.42074247
    Pair: VARA-USD
    Price: 0.00091000 USD
    Value: €0.16

  NEAR: 1.78926498
    Pair: NEAR-USD
    Price: 1.54700000 USD
    Value: €2.55

  ALEPH: 11.47300666
    Pair: ALEPH-USD
    Price: 0.03000000 USD
    Value: €0.32

  HOPR: 33.77110932
    Pair: HOPR-USD
    Price: 0.02580000 USD
    Value: €0.80

  FET: 5.55418530
    Pair: FET-USD
    Price: 0.20930000 USD
    Value: €1.07

  CTSI: 3.89510530
    Pair: CTSI-USD
    Price: 0.03230000 USD
    Value: €0.12

  CHZ: 9.19024272
    Pair: CHZ-EUR
    Price: 0.03210000 EUR
    Value: €0.30

  ANKR: 26.61226607
    Pair: ANKR-EUR
    Price: 0.00546000 EUR
    Value: €0.15

  AMP: 49.68807419
    Pair: AMP-USD
    Price: 0.00170000 USD
    Value: €0.08

  SKL: 5.57001278
    Pair: SKL-USD
    Price: 0.00990000 USD
    Value: €0.05

  NU: 10.70167470
    ⚠️  Price not available (no trading pairs found)

  GRT: 10.79573903
    Pair: GRT-EUR
    Price: 0.03000000 EUR
    Value: €0.32

  OXT: 37.59795573
    Pair: OXT-USD
    Price: 0.02380000 USD
    Value: €0.82

💰 Updated Trading Budget: €50.00
======================================================================

😴 Sleeping for 15 minutes...

======================================================================
🔍 Monitoring Cycle - 2025-12-30 11:21:35
======================================================================

💶 Actual EUR Balance: €0.00
💰 Trading Budget Tracker: €50.00

📊 Monitoring 15 assets...

  PEPE: 6443.69747899
    Pair: PEPE-USD
    Price: 0.00000411 USD
    Value: €0.02

  VET: 293.38418660
    Pair: VET-USD
    Price: 0.01097000 USD
    Value: €2.96

  VARA: 190.42074247
    Pair: VARA-USD
    Price: 0.00091000 USD
    Value: €0.16

  NEAR: 1.78926498
    Pair: NEAR-USD
    Price: 1.54600000 USD
    Value: €2.54

  ALEPH: 11.47300666
    Pair: ALEPH-USD
    Price: 0.02990000 USD
    Value: €0.32

  HOPR: 33.77110932
    Pair: HOPR-USD
    Price: 0.02570000 USD
    Value: €0.80

  FET: 5.55418530
    Pair: FET-USD
    Price: 0.20930000 USD
    Value: €1.07

  CTSI: 3.89510530
    Pair: CTSI-USD
    Price: 0.03230000 USD
    Value: €0.12

  CHZ: 9.19024272
    Pair: CHZ-EUR
    Price: 0.03210000 EUR
    Value: €0.30

  ANKR: 26.61226607
    Pair: ANKR-EUR
    Price: 0.00545000 EUR
    Value: €0.15

  AMP: 49.68807419
    Pair: AMP-USD
    Price: 0.00170000 USD
    Value: €0.08

  SKL: 5.57001278
    Pair: SKL-USD
    Price: 0.00990000 USD
    Value: €0.05

  NU: 10.70167470
    ⚠️  Price not available (no trading pairs found)

  GRT: 10.79573903
    Pair: GRT-EUR
    Price: 0.03000000 EUR
    Value: €0.32

  OXT: 37.59795573
    Pair: OXT-USD
    Price: 0.02380000 USD
    Value: €0.82

💰 Updated Trading Budget: €50.00
======================================================================

😴 Sleeping for 15 minutes...

======================================================================
🔍 Monitoring Cycle - 2025-12-30 11:36:49
======================================================================

💶 Actual EUR Balance: €0.00
💰 Trading Budget Tracker: €50.00

📊 Monitoring 15 assets...

  PEPE: 6443.69747899
    Pair: PEPE-USD
    Price: 0.00000411 USD
    Value: €0.02

  VET: 293.38418660
    Pair: VET-USD
    Price: 0.01097000 USD
    Value: €2.96

  VARA: 190.42074247
    Pair: VARA-USD
    Price: 0.00091000 USD
    Value: €0.16

  NEAR: 1.78926498
    Pair: NEAR-USD
    Price: 1.54200000 USD
    Value: €2.54

  ALEPH: 11.47300666
    Pair: ALEPH-USD
    Price: 0.03000000 USD
    Value: €0.32

  HOPR: 33.77110932
    Pair: HOPR-USD
    Price: 0.02570000 USD
    Value: €0.80

  FET: 5.55418530
    Pair: FET-USD
    Price: 0.20920000 USD
    Value: €1.07

  CTSI: 3.89510530
    Pair: CTSI-USD
    Price: 0.03230000 USD
    Value: €0.12

  CHZ: 9.19024272
    Pair: CHZ-EUR
    Price: 0.03230000 EUR
    Value: €0.30

  ANKR: 26.61226607
    Pair: ANKR-EUR
    Price: 0.00546000 EUR
    Value: €0.15

  AMP: 49.68807419
    Pair: AMP-USD
    Price: 0.00170000 USD
    Value: €0.08

  SKL: 5.57001278
    Pair: SKL-USD
    Price: 0.00990000 USD
    Value: €0.05

  NU: 10.70167470
    ⚠️  Price not available (no trading pairs found)

  GRT: 10.79573903
    Pair: GRT-EUR
    Price: 0.03010000 EUR
    Value: €0.32

  OXT: 37.59795573
    Pair: OXT-USD
    Price: 0.02380000 USD
    Value: €0.82

💰 Updated Trading Budget: €50.00
======================================================================

😴 Sleeping for 15 minutes...

======================================================================
🔍 Monitoring Cycle - 2025-12-30 11:52:02
======================================================================

💶 Actual EUR Balance: €0.00
💰 Trading Budget Tracker: €50.00

📊 Monitoring 15 assets...

  PEPE: 6443.69747899
    Pair: PEPE-USD
    Price: 0.00000410 USD
    Value: €0.02

  VET: 293.38418660
    Pair: VET-USD
    Price: 0.01100000 USD
    Value: €2.97

  VARA: 190.42074247
    Pair: VARA-USD
    Price: 0.00091000 USD
    Value: €0.16

  NEAR: 1.78926498
    Pair: NEAR-USD
    Price: 1.54400000 USD
    Value: €2.54

  ALEPH: 11.47300666
    Pair: ALEPH-USD
    Price: 0.03000000 USD
    Value: €0.32

  HOPR: 33.77110932
    Pair: HOPR-USD
    Price: 0.02570000 USD
    Value: €0.80

  FET: 5.55418530
    Pair: FET-USD
    Price: 0.20870000 USD
    Value: €1.07

  CTSI: 3.89510530
    Pair: CTSI-USD
    Price: 0.03230000 USD
    Value: €0.12

  CHZ: 9.19024272
    Pair: CHZ-EUR
    Price: 0.03220000 EUR
    Value: €0.30

  ANKR: 26.61226607
    Pair: ANKR-EUR
    Price: 0.00549000 EUR
    Value: €0.15

  AMP: 49.68807419
    Pair: AMP-USD
    Price: 0.00170000 USD
    Value: €0.08

  SKL: 5.57001278
    Pair: SKL-USD
    Price: 0.00990000 USD
    Value: €0.05

  NU: 10.70167470
    ⚠️  Price not available (no trading pairs found)

  GRT: 10.79573903
    Pair: GRT-EUR
    Price: 0.03010000 EUR
    Value: €0.32

  OXT: 37.59795573
    Pair: OXT-USD
    Price: 0.02390000 USD
    Value: €0.83

💰 Updated Trading Budget: €50.00
======================================================================

😴 Sleeping for 15 minutes...

======================================================================
🔍 Monitoring Cycle - 2025-12-30 12:07:14
======================================================================

💶 Actual EUR Balance: €0.00
💰 Trading Budget Tracker: €50.00

📊 Monitoring 15 assets...

  PEPE: 6443.69747899
    Pair: PEPE-USD
    Price: 0.00000410 USD
    Value: €0.02

  VET: 293.38418660
    Pair: VET-USD
    Price: 0.01097000 USD
    Value: €2.96

  VARA: 190.42074247
    Pair: VARA-USD
    Price: 0.00091000 USD
    Value: €0.16

  NEAR: 1.78926498
    Pair: NEAR-USD
    Price: 1.54400000 USD
    Value: €2.54

  ALEPH: 11.47300666
    Pair: ALEPH-USD
    Price: 0.03000000 USD
    Value: €0.32

  HOPR: 33.77110932
    Pair: HOPR-USD
    Price: 0.02570000 USD
    Value: €0.80

  FET: 5.55418530
    Pair: FET-USD
    Price: 0.20880000 USD
    Value: €1.07

  CTSI: 3.89510530
    Pair: CTSI-USD
    Price: 0.03230000 USD
    Value: €0.12

  CHZ: 9.19024272
    Pair: CHZ-EUR
    Price: 0.03220000 EUR
    Value: €0.30

  ANKR: 26.61226607
    Pair: ANKR-EUR
    Price: 0.00546000 EUR
    Value: €0.15

  AMP: 49.68807419
    Pair: AMP-USD
    Price: 0.00170000 USD
    Value: €0.08

  SKL: 5.57001278
    Pair: SKL-USD
    Price: 0.00990000 USD
    Value: €0.05

  NU: 10.70167470
    ⚠️  Price not available (no trading pairs found)

  GRT: 10.79573903
    Pair: GRT-EUR
    Price: 0.03010000 EUR
    Value: €0.32

  OXT: 37.59795573
    Pair: OXT-USD
    Price: 0.02380000 USD
    Value: €0.82

💰 Updated Trading Budget: €50.00
======================================================================

😴 Sleeping for 15 minutes...

======================================================================
🔍 Monitoring Cycle - 2025-12-30 12:22:26
======================================================================

💶 Actual EUR Balance: €0.00
💰 Trading Budget Tracker: €50.00

📊 Monitoring 15 assets...

  PEPE: 6443.69747899
    Pair: PEPE-USD
    Price: 0.00000409 USD
    Value: €0.02

  VET: 293.38418660
    Pair: VET-USD
    Price: 0.01099000 USD
    Value: €2.97

  VARA: 190.42074247
    Pair: VARA-USD
    Price: 0.00091000 USD
    Value: €0.16

  NEAR: 1.78926498
    Pair: NEAR-USD
    Price: 1.54100000 USD
    Value: €2.54

  ALEPH: 11.47300666
    Pair: ALEPH-USD
    Price: 0.03000000 USD
    Value: €0.32

  HOPR: 33.77110932
    Pair: HOPR-USD
    Price: 0.02570000 USD
    Value: €0.80

  FET: 5.55418530
    Pair: FET-USD
    Price: 0.20860000 USD
    Value: €1.07

  CTSI: 3.89510530
    Pair: CTSI-USD
    Price: 0.03230000 USD
    Value: €0.12

  CHZ: 9.19024272
    Pair: CHZ-EUR
    Price: 0.03210000 EUR
    Value: €0.30

  ANKR: 26.61226607
    Pair: ANKR-EUR
    Price: 0.00546000 EUR
    Value: €0.15

  AMP: 49.68807419
    Pair: AMP-USD
    Price: 0.00170000 USD
    Value: €0.08

  SKL: 5.57001278
    Pair: SKL-USD
    Price: 0.00990000 USD
    Value: €0.05

  NU: 10.70167470
    ⚠️  Price not available (no trading pairs found)

  GRT: 10.79573903
    Pair: GRT-EUR
    Price: 0.03010000 EUR
    Value: €0.32

  OXT: 37.59795573
    Pair: OXT-USD
    Price: 0.02380000 USD
    Value: €0.82

💰 Updated Trading Budget: €50.00
======================================================================

😴 Sleeping for 15 minutes...

======================================================================
🔍 Monitoring Cycle - 2025-12-30 12:37:38
======================================================================

💶 Actual EUR Balance: €0.00
💰 Trading Budget Tracker: €50.00

📊 Monitoring 15 assets...

  PEPE: 6443.69747899
    Pair: PEPE-USD
    Price: 0.00000409 USD
    Value: €0.02

  VET: 293.38418660
    Pair: VET-USD
    Price: 0.01100000 USD
    Value: €2.97

  VARA: 190.42074247
    Pair: VARA-USD
    Price: 0.00091000 USD
    Value: €0.16

  NEAR: 1.78926498
    Pair: NEAR-USD
    Price: 1.54400000 USD
    Value: €2.54

  ALEPH: 11.47300666
    Pair: ALEPH-USD
    Price: 0.03000000 USD
    Value: €0.32

  HOPR: 33.77110932
    Pair: HOPR-USD
    Price: 0.02570000 USD
    Value: €0.80

  FET: 5.55418530
    Pair: FET-USD
    Price: 0.20870000 USD
    Value: €1.07

  CTSI: 3.89510530
    Pair: CTSI-USD
    Price: 0.03230000 USD
    Value: €0.12

  CHZ: 9.19024272
    Pair: CHZ-EUR
    Price: 0.03210000 EUR
    Value: €0.30

  ANKR: 26.61226607
    Pair: ANKR-EUR
    Price: 0.00546000 EUR
    Value: €0.15

  AMP: 49.68807419
    Pair: AMP-USD
    Price: 0.00170000 USD
    Value: €0.08

  SKL: 5.57001278
    Pair: SKL-USD
    Price: 0.00990000 USD
    Value: €0.05

  NU: 10.70167470
    ⚠️  Price not available (no trading pairs found)

  GRT: 10.79573903
    Pair: GRT-EUR
    Price: 0.03020000 EUR
    Value: €0.33

  OXT: 37.59795573
    Pair: OXT-USD
    Price: 0.02380000 USD
    Value: €0.82

💰 Updated Trading Budget: €50.00
======================================================================

😴 Sleeping for 15 minutes...

======================================================================
🔍 Monitoring Cycle - 2025-12-30 12:52:51
======================================================================

💶 Actual EUR Balance: €0.00
💰 Trading Budget Tracker: €50.00

📊 Monitoring 15 assets...

  PEPE: 6443.69747899
    Pair: PEPE-USD
    Price: 0.00000409 USD
    Value: €0.02

  VET: 293.38418660
    Pair: VET-USD
    Price: 0.01098000 USD
    Value: €2.96

  VARA: 190.42074247
    Pair: VARA-USD
    Price: 0.00091000 USD
    Value: €0.16

  NEAR: 1.78926498
    Pair: NEAR-USD
    Price: 1.54000000 USD
    Value: €2.54

  ALEPH: 11.47300666
    Pair: ALEPH-USD
    Price: 0.03000000 USD
    Value: €0.32

  HOPR: 33.77110932
    Pair: HOPR-USD
    Price: 0.02560000 USD
    Value: €0.80

  FET: 5.55418530
    Pair: FET-USD
    Price: 0.20800000 USD
    Value: €1.06

  CTSI: 3.89510530
    Pair: CTSI-USD
    Price: 0.03230000 USD
    Value: €0.12

  CHZ: 9.19024272
    Pair: CHZ-EUR
    Price: 0.03230000 EUR
    Value: €0.30

  ANKR: 26.61226607
    Pair: ANKR-EUR
    Price: 0.00546000 EUR
    Value: €0.15

  AMP: 49.68807419
    Pair: AMP-USD
    Price: 0.00170000 USD
    Value: €0.08

  SKL: 5.57001278
    Pair: SKL-USD
    Price: 0.00990000 USD
    Value: €0.05

  NU: 10.70167470
    ⚠️  Price not available (no trading pairs found)

  GRT: 10.79573903
    Pair: GRT-EUR
    Price: 0.03010000 EUR
    Value: €0.32

  OXT: 37.59795573
    Pair: OXT-USD
    Price: 0.02380000 USD
    Value: €0.82

💰 Updated Trading Budget: €50.00
======================================================================

😴 Sleeping for 15 minutes...

======================================================================
🔍 Monitoring Cycle - 2025-12-30 13:08:06
======================================================================

💶 Actual EUR Balance: €0.00
💰 Trading Budget Tracker: €50.00

📊 Monitoring 15 assets...

  PEPE: 6443.69747899
    Pair: PEPE-USD
    Price: 0.00000410 USD
    Value: €0.02

  VET: 293.38418660
    Pair: VET-USD
    Price: 0.01099000 USD
    Value: €2.97

  VARA: 190.42074247
    Pair: VARA-USD
    Price: 0.00091000 USD
    Value: €0.16

  NEAR: 1.78926498
    Pair: NEAR-USD
    Price: 1.54400000 USD
    Value: €2.54

  ALEPH: 11.47300666
    Pair: ALEPH-USD
    Price: 0.03000000 USD
    Value: €0.32

  HOPR: 33.77110932
    Pair: HOPR-USD
    Price: 0.02550000 USD
    Value: €0.79

  FET: 5.55418530
    Pair: FET-USD
    Price: 0.20840000 USD
    Value: €1.06

  CTSI: 3.89510530
    Pair: CTSI-USD
    Price: 0.03230000 USD
    Value: €0.12

  CHZ: 9.19024272
    Pair: CHZ-EUR
    Price: 0.03210000 EUR
    Value: €0.30

  ANKR: 26.61226607
    Pair: ANKR-EUR
    Price: 0.00547000 EUR
    Value: €0.15

  AMP: 49.68807419
    Pair: AMP-USD
    Price: 0.00170000 USD
    Value: €0.08

  SKL: 5.57001278
    Pair: SKL-USD
    Price: 0.00990000 USD
    Value: €0.05

  NU: 10.70167470
    ⚠️  Price not available (no trading pairs found)

  GRT: 10.79573903
    Pair: GRT-EUR
    Price: 0.03020000 EUR
    Value: €0.33

  OXT: 37.59795573
    Pair: OXT-USD
    Price: 0.02380000 USD
    Value: €0.82

💰 Updated Trading Budget: €50.00
======================================================================

😴 Sleeping for 15 minutes...

======================================================================
🔍 Monitoring Cycle - 2025-12-30 13:23:19
======================================================================

💶 Actual EUR Balance: €0.00
💰 Trading Budget Tracker: €50.00

📊 Monitoring 15 assets...

  PEPE: 6443.69747899
    Pair: PEPE-USD
    Price: 0.00000411 USD
    Value: €0.02

  VET: 293.38418660
    Pair: VET-USD
    Price: 0.01097000 USD
    Value: €2.96

  VARA: 190.42074247
    Pair: VARA-USD
    Price: 0.00091000 USD
    Value: €0.16

  NEAR: 1.78926498
    Pair: NEAR-USD
    Price: 1.54400000 USD
    Value: €2.54

  ALEPH: 11.47300666
    Pair: ALEPH-USD
    Price: 0.03010000 USD
    Value: €0.32

  HOPR: 33.77110932
    Pair: HOPR-USD
    Price: 0.02550000 USD
    Value: €0.79

  FET: 5.55418530
    Pair: FET-USD
    Price: 0.20860000 USD
    Value: €1.07

  CTSI: 3.89510530
    Pair: CTSI-USD
    Price: 0.03230000 USD
    Value: €0.12

  CHZ: 9.19024272
    Pair: CHZ-EUR
    Price: 0.03200000 EUR
    Value: €0.29

  ANKR: 26.61226607
    Pair: ANKR-EUR
    Price: 0.00549000 EUR
    Value: €0.15

  AMP: 49.68807419
    Pair: AMP-USD
    Price: 0.00170000 USD
    Value: €0.08

  SKL: 5.57001278
    Pair: SKL-USD
    Price: 0.00990000 USD
    Value: €0.05

  NU: 10.70167470
    ⚠️  Price not available (no trading pairs found)

  GRT: 10.79573903
    Pair: GRT-EUR
    Price: 0.03020000 EUR
    Value: €0.33

  OXT: 37.59795573
    Pair: OXT-USD
    Price: 0.02370000 USD
    Value: €0.82

💰 Updated Trading Budget: €50.00
======================================================================

😴 Sleeping for 15 minutes...
2026-01-02 13:23:28,598 - INFO - Trading Monitor initialized - Mode: DRY RUN
2026-01-02 13:23:34,329 - INFO - Fetched EUR/USD rate: 0.8527
2026-01-02 13:23:34,329 - INFO - [DRY RUN] SELL 3221.84873949 PEPE @ 0.00000525 USD, Net: €0.01, P&L: €+0.00
2026-01-02 13:23:34,329 - INFO - Partial sell: PEPE, sold 3221.84873949, total sold: 3221.84873949
2026-01-02 13:24:10,797 - INFO - [DRY RUN] SELL 24.84403710 AMP @ 0.00213000 USD, Net: €0.04, P&L: €+0.01
2026-01-02 13:24:10,797 - INFO - Partial sell: AMP, sold 24.84403710, total sold: 24.84403710
2026-01-02 13:24:31,540 - WARNING - Could not get price for NU with any quote currency
2026-01-02 13:29:02,672 - INFO - Trading Monitor initialized - Mode: LIVE TRADING
2026-01-02 13:29:08,631 - INFO - Fetched EUR/USD rate: 0.8529
2026-01-02 13:30:07,452 - WARNING - Could not get price for NU with any quote currency
2026-01-02 13:46:18,246 - WARNING - Could not get price for NU with any quote currency
2026-01-05 09:49:30,459 - INFO - Trading Monitor initialized - Mode: LIVE TRADING
2026-01-05 09:49:35,984 - INFO - Fetched EUR/USD rate: 0.8561
2026-01-05 09:49:35,984 - INFO - Placing SELL order: 6443.69747899 PEPE on PEPE-USD
2026-01-05 09:49:36,293 - ERROR - HTTP Error 400 on POST /api/v3/brokerage/orders: {"error":"INVALID_ARGUMENT","error_details":"account is not available","message":"account is not available"}
2026-01-05 09:49:36,293 - ERROR - SELL order failed for PEPE
2026-01-05 09:49:53,530 - INFO - Placing SELL order: 5.73650333 ALEPH on ALEPH-USD
2026-01-05 09:49:53,747 - ERROR - HTTP Error 400 on POST /api/v3/brokerage/orders: {"error":"INVALID_ARGUMENT","error_details":"account is not available","message":"account is not available"}
2026-01-05 09:49:53,747 - ERROR - SELL order failed for ALEPH
2026-01-05 09:50:02,423 - INFO - Placing SELL order: 2.77709265 FET on FET-USD
2026-01-05 09:50:02,656 - ERROR - HTTP Error 400 on POST /api/v3/brokerage/orders: {"error":"INVALID_ARGUMENT","error_details":"account is not available","message":"account is not available"}
2026-01-05 09:50:02,657 - ERROR - SELL order failed for FET
2026-01-05 09:50:33,038 - WARNING - Could not get price for NU with any quote currency
2026-01-05 16:28:48,575 - INFO - Trading Monitor initialized - Mode: LIVE TRADING
2026-01-05 16:28:54,080 - INFO - Fetched EUR/USD rate: 0.8555
2026-01-05 16:28:54,080 - INFO - Placing SELL order: 6443.69747899 PEPE on PEPE-USD
2026-01-05 16:28:54,330 - ERROR - HTTP Error 400 on POST /api/v3/brokerage/orders: {"error":"INVALID_ARGUMENT","error_details":"account is not available","message":"account is not available"}
2026-01-05 16:28:54,330 - ERROR - SELL order failed for PEPE
2026-01-05 16:36:07,077 - INFO - Trading Monitor initialized - Mode: DRY RUN
2026-01-05 16:36:12,282 - INFO - Fetched EUR/USD rate: 0.8555
2026-01-05 16:36:12,282 - INFO - [DRY RUN] SELL 6443.69747899 PEPE @ 0.00000676 USDC, Net: €0.04, P&L: €+0.01
2026-01-05 16:36:12,282 - INFO - Position closed: PEPE
2026-01-05 16:36:39,509 - INFO - [DRY RUN] SELL 2.77709265 FET @ 0.28760000 USDC, Net: €0.68, P&L: €+0.18
2026-01-05 16:36:39,509 - INFO - Partial sell: FET, sold 2.77709265, total sold: 2.77709265
2026-01-05 16:37:09,133 - WARNING - Could not get price for NU with any quote currency
2026-01-05 16:38:26,325 - INFO - Trading Monitor initialized - Mode: LIVE TRADING
2026-01-05 16:38:31,830 - INFO - Fetched EUR/USD rate: 0.8558
2026-01-05 16:38:31,831 - INFO - Tracked new position: PEPE @ 6.77e-06 USDC, amount: 6443.69747899
2026-01-05 16:39:29,123 - WARNING - Could not get price for NU with any quote currency
2026-01-05 16:40:45,156 - INFO - Trading Monitor initialized - Mode: LIVE TRADING
2026-01-05 16:40:50,846 - INFO - Fetched EUR/USD rate: 0.8556
2026-01-05 16:41:46,952 - WARNING - Could not get price for NU with any quote currency
2026-01-05 16:41:56,530 - INFO - Placing SELL order: 5.39786952 GRT on GRT-USD
2026-01-05 16:41:56,797 - ERROR - HTTP Error 400 on POST /api/v3/brokerage/orders: {"error":"INVALID_ARGUMENT","error_details":"account is not available","message":"account is not available"}
2026-01-05 16:41:56,797 - ERROR - SELL order failed for GRT
